{"C:\\Users\\Merthan\\Desktop\\vocabulary-builder\\app.js": {"path":"C:\\Users\\Merthan\\Desktop\\vocabulary-builder\\app.js","statementMap":{"0":{"start":{"line":1,"column":16},"end":{"line":1,"column":34}},"1":{"start":{"line":2,"column":13},"end":{"line":2,"column":28}},"2":{"start":{"line":3,"column":18},"end":{"line":3,"column":47}},"3":{"start":{"line":4,"column":20},"end":{"line":4,"column":47}},"4":{"start":{"line":6,"column":19},"end":{"line":6,"column":49}},"5":{"start":{"line":7,"column":25},"end":{"line":7,"column":61}},"6":{"start":{"line":8,"column":25},"end":{"line":8,"column":61}},"7":{"start":{"line":9,"column":20},"end":{"line":9,"column":51}},"8":{"start":{"line":10,"column":27},"end":{"line":10,"column":65}},"9":{"start":{"line":11,"column":19},"end":{"line":11,"column":49}},"10":{"start":{"line":12,"column":20},"end":{"line":12,"column":51}},"11":{"start":{"line":15,"column":12},"end":{"line":15,"column":21}},"12":{"start":{"line":16,"column":0},"end":{"line":16,"column":16}},"13":{"start":{"line":17,"column":0},"end":{"line":17,"column":24}},"14":{"start":{"line":18,"column":0},"end":{"line":18,"column":68}},"15":{"start":{"line":31,"column":0},"end":{"line":33,"column":3}},"16":{"start":{"line":32,"column":2},"end":{"line":32,"column":52}},"17":{"start":{"line":35,"column":0},"end":{"line":35,"column":25}},"18":{"start":{"line":36,"column":0},"end":{"line":36,"column":31}},"19":{"start":{"line":37,"column":0},"end":{"line":37,"column":31}},"20":{"start":{"line":38,"column":0},"end":{"line":38,"column":26}},"21":{"start":{"line":39,"column":0},"end":{"line":39,"column":33}},"22":{"start":{"line":40,"column":0},"end":{"line":40,"column":25}},"23":{"start":{"line":41,"column":0},"end":{"line":41,"column":26}},"24":{"start":{"line":43,"column":0},"end":{"line":43,"column":21}}},"fnMap":{"0":{"name":"(anonymous_0)","decl":{"start":{"line":31,"column":20},"end":{"line":31,"column":21}},"loc":{"start":{"line":31,"column":34},"end":{"line":33,"column":1}},"line":31}},"branchMap":{},"s":{"0":3,"1":3,"2":3,"3":3,"4":3,"5":3,"6":3,"7":3,"8":3,"9":3,"10":3,"11":3,"12":3,"13":3,"14":3,"15":3,"16":1,"17":3,"18":3,"19":3,"20":3,"21":3,"22":3,"23":3,"24":3},"f":{"0":1},"b":{},"_coverageSchema":"1a1c01bbd47fc00a2c39e90264f33305004495a9","hash":"4f916eb02b155b7995159170c343632f48f65a91"}
,"C:\\Users\\Merthan\\Desktop\\vocabulary-builder\\config\\db.js": {"path":"C:\\Users\\Merthan\\Desktop\\vocabulary-builder\\config\\db.js","statementMap":{"0":{"start":{"line":1,"column":12},"end":{"line":1,"column":26}},"1":{"start":{"line":2,"column":0},"end":{"line":2,"column":39}},"2":{"start":{"line":4,"column":24},"end":{"line":4,"column":42}},"3":{"start":{"line":6,"column":15},"end":{"line":6,"column":53}},"4":{"start":{"line":10,"column":2},"end":{"line":10,"column":25}},"5":{"start":{"line":11,"column":2},"end":{"line":11,"column":37}},"6":{"start":{"line":12,"column":2},"end":{"line":12,"column":32}},"7":{"start":{"line":13,"column":2},"end":{"line":13,"column":12}},"8":{"start":{"line":17,"column":2},"end":{"line":17,"column":78}},"9":{"start":{"line":17,"column":11},"end":{"line":17,"column":78}},"10":{"start":{"line":18,"column":2},"end":{"line":18,"column":12}},"11":{"start":{"line":22,"column":2},"end":{"line":22,"column":23}},"12":{"start":{"line":25,"column":0},"end":{"line":25,"column":47}}},"fnMap":{"0":{"name":"connectDB","decl":{"start":{"line":9,"column":15},"end":{"line":9,"column":24}},"loc":{"start":{"line":9,"column":27},"end":{"line":14,"column":1}},"line":9},"1":{"name":"getDB","decl":{"start":{"line":16,"column":9},"end":{"line":16,"column":14}},"loc":{"start":{"line":16,"column":17},"end":{"line":19,"column":1}},"line":16},"2":{"name":"closeDB","decl":{"start":{"line":21,"column":15},"end":{"line":21,"column":22}},"loc":{"start":{"line":21,"column":25},"end":{"line":23,"column":1}},"line":21}},"branchMap":{"0":{"loc":{"start":{"line":17,"column":2},"end":{"line":17,"column":78}},"type":"if","locations":[{"start":{"line":17,"column":2},"end":{"line":17,"column":78}},{"start":{},"end":{}}],"line":17}},"s":{"0":3,"1":3,"2":3,"3":3,"4":1,"5":1,"6":1,"7":1,"8":5,"9":0,"10":5,"11":1,"12":3},"f":{"0":1,"1":5,"2":1},"b":{"0":[0,5]},"_coverageSchema":"1a1c01bbd47fc00a2c39e90264f33305004495a9","hash":"5700493cda974d24bc4c10339ecf8d29cad41518"}
,"C:\\Users\\Merthan\\Desktop\\vocabulary-builder\\config\\rabbitmq.js": {"path":"C:\\Users\\Merthan\\Desktop\\vocabulary-builder\\config\\rabbitmq.js","statementMap":{"0":{"start":{"line":1,"column":13},"end":{"line":1,"column":31}},"1":{"start":{"line":3,"column":19},"end":{"line":3,"column":36}},"2":{"start":{"line":7,"column":21},"end":{"line":7,"column":65}},"3":{"start":{"line":8,"column":2},"end":{"line":8,"column":45}},"4":{"start":{"line":9,"column":2},"end":{"line":9,"column":59}},"5":{"start":{"line":10,"column":2},"end":{"line":10,"column":65}},"6":{"start":{"line":11,"column":2},"end":{"line":11,"column":17}},"7":{"start":{"line":15,"column":2},"end":{"line":15,"column":94}},"8":{"start":{"line":15,"column":16},"end":{"line":15,"column":94}},"9":{"start":{"line":16,"column":2},"end":{"line":16,"column":17}},"10":{"start":{"line":19,"column":0},"end":{"line":19,"column":58}}},"fnMap":{"0":{"name":"connectQueue","decl":{"start":{"line":6,"column":15},"end":{"line":6,"column":27}},"loc":{"start":{"line":6,"column":30},"end":{"line":12,"column":1}},"line":6},"1":{"name":"getChannel","decl":{"start":{"line":14,"column":9},"end":{"line":14,"column":19}},"loc":{"start":{"line":14,"column":22},"end":{"line":17,"column":1}},"line":14}},"branchMap":{"0":{"loc":{"start":{"line":15,"column":2},"end":{"line":15,"column":94}},"type":"if","locations":[{"start":{"line":15,"column":2},"end":{"line":15,"column":94}},{"start":{},"end":{}}],"line":15}},"s":{"0":3,"1":3,"2":0,"3":0,"4":0,"5":0,"6":0,"7":0,"8":0,"9":0,"10":3},"f":{"0":0,"1":0},"b":{"0":[0,0]},"_coverageSchema":"1a1c01bbd47fc00a2c39e90264f33305004495a9","hash":"ad1993de435d1ca50d6204378fd854f6950137b2"}
,"C:\\Users\\Merthan\\Desktop\\vocabulary-builder\\config\\swagger.js": {"path":"C:\\Users\\Merthan\\Desktop\\vocabulary-builder\\config\\swagger.js","statementMap":{"0":{"start":{"line":1,"column":21},"end":{"line":1,"column":45}},"1":{"start":{"line":3,"column":16},"end":{"line":35,"column":1}},"2":{"start":{"line":37,"column":20},"end":{"line":37,"column":41}},"3":{"start":{"line":39,"column":0},"end":{"line":39,"column":29}}},"fnMap":{},"branchMap":{},"s":{"0":3,"1":3,"2":3,"3":3},"f":{},"b":{},"_coverageSchema":"1a1c01bbd47fc00a2c39e90264f33305004495a9","hash":"fecb6cc75fa54aa35e292e7d1292a72d4374403d"}
,"C:\\Users\\Merthan\\Desktop\\vocabulary-builder\\controllers\\achievementsController.js": {"path":"C:\\Users\\Merthan\\Desktop\\vocabulary-builder\\controllers\\achievementsController.js","statementMap":{"0":{"start":{"line":1,"column":28},"end":{"line":1,"column":70}},"1":{"start":{"line":4,"column":2},"end":{"line":9,"column":3}},"2":{"start":{"line":5,"column":25},"end":{"line":5,"column":91}},"3":{"start":{"line":6,"column":4},"end":{"line":6,"column":27}},"4":{"start":{"line":8,"column":4},"end":{"line":8,"column":49}},"5":{"start":{"line":12,"column":0},"end":{"line":12,"column":28}}},"fnMap":{"0":{"name":"getAll","decl":{"start":{"line":3,"column":15},"end":{"line":3,"column":21}},"loc":{"start":{"line":3,"column":32},"end":{"line":10,"column":1}},"line":3}},"branchMap":{},"s":{"0":3,"1":0,"2":0,"3":0,"4":0,"5":3},"f":{"0":0},"b":{},"_coverageSchema":"1a1c01bbd47fc00a2c39e90264f33305004495a9","hash":"371cb80d92676d9e0cb0e63f56d8cc8506506215"}
,"C:\\Users\\Merthan\\Desktop\\vocabulary-builder\\controllers\\adminController.js": {"path":"C:\\Users\\Merthan\\Desktop\\vocabulary-builder\\controllers\\adminController.js","statementMap":{"0":{"start":{"line":1,"column":21},"end":{"line":1,"column":56}},"1":{"start":{"line":4,"column":2},"end":{"line":9,"column":3}},"2":{"start":{"line":5,"column":20},"end":{"line":5,"column":70}},"3":{"start":{"line":6,"column":4},"end":{"line":6,"column":22}},"4":{"start":{"line":8,"column":4},"end":{"line":8,"column":49}},"5":{"start":{"line":12,"column":0},"end":{"line":12,"column":38}}},"fnMap":{"0":{"name":"getAllSavedWords","decl":{"start":{"line":3,"column":15},"end":{"line":3,"column":31}},"loc":{"start":{"line":3,"column":42},"end":{"line":10,"column":1}},"line":3}},"branchMap":{},"s":{"0":3,"1":0,"2":0,"3":0,"4":0,"5":3},"f":{"0":0},"b":{},"_coverageSchema":"1a1c01bbd47fc00a2c39e90264f33305004495a9","hash":"6afbe4a933f41f65e7af68a21ddab9d297cc7752"}
,"C:\\Users\\Merthan\\Desktop\\vocabulary-builder\\controllers\\authController.js": {"path":"C:\\Users\\Merthan\\Desktop\\vocabulary-builder\\controllers\\authController.js","statementMap":{"0":{"start":{"line":1,"column":20},"end":{"line":1,"column":54}},"1":{"start":{"line":4,"column":2},"end":{"line":10,"column":3}},"2":{"start":{"line":5,"column":38},"end":{"line":5,"column":46}},"3":{"start":{"line":6,"column":23},"end":{"line":6,"column":84}},"4":{"start":{"line":7,"column":4},"end":{"line":7,"column":41}},"5":{"start":{"line":9,"column":4},"end":{"line":9,"column":49}},"6":{"start":{"line":14,"column":2},"end":{"line":19,"column":3}},"7":{"start":{"line":15,"column":22},"end":{"line":15,"column":57}},"8":{"start":{"line":16,"column":4},"end":{"line":16,"column":24}},"9":{"start":{"line":18,"column":4},"end":{"line":18,"column":49}},"10":{"start":{"line":23,"column":2},"end":{"line":29,"column":3}},"11":{"start":{"line":24,"column":32},"end":{"line":24,"column":40}},"12":{"start":{"line":25,"column":18},"end":{"line":25,"column":70}},"13":{"start":{"line":26,"column":4},"end":{"line":26,"column":24}},"14":{"start":{"line":28,"column":4},"end":{"line":28,"column":49}},"15":{"start":{"line":32,"column":0},"end":{"line":32,"column":51}}},"fnMap":{"0":{"name":"register","decl":{"start":{"line":3,"column":15},"end":{"line":3,"column":23}},"loc":{"start":{"line":3,"column":34},"end":{"line":11,"column":1}},"line":3},"1":{"name":"getCustomers","decl":{"start":{"line":13,"column":15},"end":{"line":13,"column":27}},"loc":{"start":{"line":13,"column":38},"end":{"line":20,"column":1}},"line":13},"2":{"name":"login","decl":{"start":{"line":22,"column":15},"end":{"line":22,"column":20}},"loc":{"start":{"line":22,"column":31},"end":{"line":30,"column":1}},"line":22}},"branchMap":{},"s":{"0":3,"1":3,"2":3,"3":3,"4":2,"5":1,"6":0,"7":0,"8":0,"9":0,"10":0,"11":0,"12":0,"13":0,"14":0,"15":3},"f":{"0":3,"1":0,"2":0},"b":{},"_coverageSchema":"1a1c01bbd47fc00a2c39e90264f33305004495a9","hash":"7c616a8e11290629033c273e4736fc43d60eb2a9"}
,"C:\\Users\\Merthan\\Desktop\\vocabulary-builder\\controllers\\dictionaryController.js": {"path":"C:\\Users\\Merthan\\Desktop\\vocabulary-builder\\controllers\\dictionaryController.js","statementMap":{"0":{"start":{"line":1,"column":26},"end":{"line":1,"column":66}},"1":{"start":{"line":4,"column":2},"end":{"line":9,"column":3}},"2":{"start":{"line":5,"column":19},"end":{"line":5,"column":77}},"3":{"start":{"line":6,"column":4},"end":{"line":6,"column":21}},"4":{"start":{"line":8,"column":4},"end":{"line":8,"column":49}},"5":{"start":{"line":12,"column":0},"end":{"line":12,"column":28}}},"fnMap":{"0":{"name":"lookup","decl":{"start":{"line":3,"column":15},"end":{"line":3,"column":21}},"loc":{"start":{"line":3,"column":32},"end":{"line":10,"column":1}},"line":3}},"branchMap":{},"s":{"0":3,"1":0,"2":0,"3":0,"4":0,"5":3},"f":{"0":0},"b":{},"_coverageSchema":"1a1c01bbd47fc00a2c39e90264f33305004495a9","hash":"9ccc12182a57137e1db8b5bf5b0368c44c92dd56"}
,"C:\\Users\\Merthan\\Desktop\\vocabulary-builder\\controllers\\goalsController.js": {"path":"C:\\Users\\Merthan\\Desktop\\vocabulary-builder\\controllers\\goalsController.js","statementMap":{"0":{"start":{"line":1,"column":21},"end":{"line":1,"column":56}},"1":{"start":{"line":4,"column":2},"end":{"line":10,"column":3}},"2":{"start":{"line":5,"column":42},"end":{"line":5,"column":50}},"3":{"start":{"line":6,"column":4},"end":{"line":6,"column":83}},"4":{"start":{"line":7,"column":4},"end":{"line":7,"column":63}},"5":{"start":{"line":9,"column":4},"end":{"line":9,"column":49}},"6":{"start":{"line":14,"column":2},"end":{"line":19,"column":3}},"7":{"start":{"line":15,"column":19},"end":{"line":15,"column":74}},"8":{"start":{"line":16,"column":4},"end":{"line":16,"column":21}},"9":{"start":{"line":18,"column":4},"end":{"line":18,"column":49}},"10":{"start":{"line":22,"column":0},"end":{"line":22,"column":38}}},"fnMap":{"0":{"name":"create","decl":{"start":{"line":3,"column":15},"end":{"line":3,"column":21}},"loc":{"start":{"line":3,"column":32},"end":{"line":11,"column":1}},"line":3},"1":{"name":"progress","decl":{"start":{"line":13,"column":15},"end":{"line":13,"column":23}},"loc":{"start":{"line":13,"column":34},"end":{"line":20,"column":1}},"line":13}},"branchMap":{},"s":{"0":3,"1":0,"2":0,"3":0,"4":0,"5":0,"6":0,"7":0,"8":0,"9":0,"10":3},"f":{"0":0,"1":0},"b":{},"_coverageSchema":"1a1c01bbd47fc00a2c39e90264f33305004495a9","hash":"14ed75bb6aaac2f0f6a75347e141e04623b73fd1"}
,"C:\\Users\\Merthan\\Desktop\\vocabulary-builder\\controllers\\quizController.js": {"path":"C:\\Users\\Merthan\\Desktop\\vocabulary-builder\\controllers\\quizController.js","statementMap":{"0":{"start":{"line":1,"column":20},"end":{"line":1,"column":54}},"1":{"start":{"line":4,"column":2},"end":{"line":9,"column":3}},"2":{"start":{"line":5,"column":21},"end":{"line":5,"column":86}},"3":{"start":{"line":6,"column":4},"end":{"line":6,"column":23}},"4":{"start":{"line":8,"column":4},"end":{"line":8,"column":49}},"5":{"start":{"line":13,"column":2},"end":{"line":19,"column":3}},"6":{"start":{"line":14,"column":31},"end":{"line":14,"column":39}},"7":{"start":{"line":15,"column":19},"end":{"line":15,"column":65}},"8":{"start":{"line":16,"column":4},"end":{"line":16,"column":21}},"9":{"start":{"line":18,"column":4},"end":{"line":18,"column":49}},"10":{"start":{"line":23,"column":2},"end":{"line":28,"column":3}},"11":{"start":{"line":24,"column":21},"end":{"line":24,"column":81}},"12":{"start":{"line":25,"column":4},"end":{"line":25,"column":23}},"13":{"start":{"line":27,"column":4},"end":{"line":27,"column":49}},"14":{"start":{"line":32,"column":2},"end":{"line":37,"column":3}},"15":{"start":{"line":33,"column":18},"end":{"line":33,"column":76}},"16":{"start":{"line":34,"column":4},"end":{"line":34,"column":20}},"17":{"start":{"line":36,"column":4},"end":{"line":36,"column":49}},"18":{"start":{"line":40,"column":0},"end":{"line":40,"column":97}}},"fnMap":{"0":{"name":"answerShortQuestion","decl":{"start":{"line":3,"column":15},"end":{"line":3,"column":34}},"loc":{"start":{"line":3,"column":45},"end":{"line":10,"column":1}},"line":3},"1":{"name":"checkAnswerShortQuestion","decl":{"start":{"line":12,"column":15},"end":{"line":12,"column":39}},"loc":{"start":{"line":12,"column":50},"end":{"line":20,"column":1}},"line":12},"2":{"name":"multipleChoice","decl":{"start":{"line":22,"column":15},"end":{"line":22,"column":29}},"loc":{"start":{"line":22,"column":40},"end":{"line":29,"column":1}},"line":22},"3":{"name":"dueForReview","decl":{"start":{"line":31,"column":15},"end":{"line":31,"column":27}},"loc":{"start":{"line":31,"column":38},"end":{"line":38,"column":1}},"line":31}},"branchMap":{},"s":{"0":3,"1":0,"2":0,"3":0,"4":0,"5":0,"6":0,"7":0,"8":0,"9":0,"10":0,"11":0,"12":0,"13":0,"14":0,"15":0,"16":0,"17":0,"18":3},"f":{"0":0,"1":0,"2":0,"3":0},"b":{},"_coverageSchema":"1a1c01bbd47fc00a2c39e90264f33305004495a9","hash":"b8ea99c1140a80e45efa42896e5afafe4d76c0ad"}
,"C:\\Users\\Merthan\\Desktop\\vocabulary-builder\\controllers\\savedWordsController.js": {"path":"C:\\Users\\Merthan\\Desktop\\vocabulary-builder\\controllers\\savedWordsController.js","statementMap":{"0":{"start":{"line":1,"column":26},"end":{"line":1,"column":66}},"1":{"start":{"line":4,"column":2},"end":{"line":12,"column":3}},"2":{"start":{"line":5,"column":66},"end":{"line":5,"column":74}},"3":{"start":{"line":6,"column":19},"end":{"line":8,"column":6}},"4":{"start":{"line":9,"column":4},"end":{"line":9,"column":33}},"5":{"start":{"line":11,"column":4},"end":{"line":11,"column":49}},"6":{"start":{"line":16,"column":2},"end":{"line":21,"column":3}},"7":{"start":{"line":17,"column":18},"end":{"line":17,"column":80}},"8":{"start":{"line":18,"column":4},"end":{"line":18,"column":20}},"9":{"start":{"line":20,"column":4},"end":{"line":20,"column":49}},"10":{"start":{"line":25,"column":2},"end":{"line":33,"column":3}},"11":{"start":{"line":26,"column":25},"end":{"line":26,"column":99}},"12":{"start":{"line":27,"column":4},"end":{"line":29,"column":5}},"13":{"start":{"line":28,"column":6},"end":{"line":28,"column":63}},"14":{"start":{"line":30,"column":4},"end":{"line":30,"column":31}},"15":{"start":{"line":32,"column":4},"end":{"line":32,"column":49}},"16":{"start":{"line":36,"column":0},"end":{"line":36,"column":44}}},"fnMap":{"0":{"name":"create","decl":{"start":{"line":3,"column":15},"end":{"line":3,"column":21}},"loc":{"start":{"line":3,"column":32},"end":{"line":13,"column":1}},"line":3},"1":{"name":"getAll","decl":{"start":{"line":15,"column":15},"end":{"line":15,"column":21}},"loc":{"start":{"line":15,"column":32},"end":{"line":22,"column":1}},"line":15},"2":{"name":"remove","decl":{"start":{"line":24,"column":15},"end":{"line":24,"column":21}},"loc":{"start":{"line":24,"column":32},"end":{"line":34,"column":1}},"line":24}},"branchMap":{"0":{"loc":{"start":{"line":27,"column":4},"end":{"line":29,"column":5}},"type":"if","locations":[{"start":{"line":27,"column":4},"end":{"line":29,"column":5}},{"start":{},"end":{}}],"line":27}},"s":{"0":3,"1":0,"2":0,"3":0,"4":0,"5":0,"6":0,"7":0,"8":0,"9":0,"10":0,"11":0,"12":0,"13":0,"14":0,"15":0,"16":3},"f":{"0":0,"1":0,"2":0},"b":{"0":[0,0]},"_coverageSchema":"1a1c01bbd47fc00a2c39e90264f33305004495a9","hash":"52c3a262785a3c0ac2fa184c2d462f6144f717a9"}
,"C:\\Users\\Merthan\\Desktop\\vocabulary-builder\\middleware\\authenticateToken.js": {"path":"C:\\Users\\Merthan\\Desktop\\vocabulary-builder\\middleware\\authenticateToken.js","statementMap":{"0":{"start":{"line":1,"column":12},"end":{"line":1,"column":35}},"1":{"start":{"line":4,"column":21},"end":{"line":4,"column":49}},"2":{"start":{"line":5,"column":16},"end":{"line":5,"column":54}},"3":{"start":{"line":7,"column":2},"end":{"line":9,"column":3}},"4":{"start":{"line":8,"column":4},"end":{"line":8,"column":64}},"5":{"start":{"line":11,"column":2},"end":{"line":17,"column":5}},"6":{"start":{"line":12,"column":4},"end":{"line":14,"column":5}},"7":{"start":{"line":13,"column":6},"end":{"line":13,"column":73}},"8":{"start":{"line":15,"column":4},"end":{"line":15,"column":27}},"9":{"start":{"line":16,"column":4},"end":{"line":16,"column":11}},"10":{"start":{"line":20,"column":0},"end":{"line":20,"column":35}}},"fnMap":{"0":{"name":"authenticateToken","decl":{"start":{"line":3,"column":9},"end":{"line":3,"column":26}},"loc":{"start":{"line":3,"column":43},"end":{"line":18,"column":1}},"line":3},"1":{"name":"(anonymous_1)","decl":{"start":{"line":11,"column":44},"end":{"line":11,"column":45}},"loc":{"start":{"line":11,"column":62},"end":{"line":17,"column":3}},"line":11}},"branchMap":{"0":{"loc":{"start":{"line":5,"column":16},"end":{"line":5,"column":54}},"type":"binary-expr","locations":[{"start":{"line":5,"column":16},"end":{"line":5,"column":26}},{"start":{"line":5,"column":30},"end":{"line":5,"column":54}}],"line":5},"1":{"loc":{"start":{"line":7,"column":2},"end":{"line":9,"column":3}},"type":"if","locations":[{"start":{"line":7,"column":2},"end":{"line":9,"column":3}},{"start":{},"end":{}}],"line":7},"2":{"loc":{"start":{"line":12,"column":4},"end":{"line":14,"column":5}},"type":"if","locations":[{"start":{"line":12,"column":4},"end":{"line":14,"column":5}},{"start":{},"end":{}}],"line":12}},"s":{"0":3,"1":2,"2":2,"3":2,"4":1,"5":1,"6":1,"7":1,"8":0,"9":0,"10":3},"f":{"0":2,"1":1},"b":{"0":[2,1],"1":[1,1],"2":[1,0]},"_coverageSchema":"1a1c01bbd47fc00a2c39e90264f33305004495a9","hash":"1e7d8f40cc98a4e32e30d69cf7ffb5d3423df18d"}
,"C:\\Users\\Merthan\\Desktop\\vocabulary-builder\\middleware\\authorizeRole.js": {"path":"C:\\Users\\Merthan\\Desktop\\vocabulary-builder\\middleware\\authorizeRole.js","statementMap":{"0":{"start":{"line":2,"column":2},"end":{"line":7,"column":4}},"1":{"start":{"line":3,"column":4},"end":{"line":5,"column":5}},"2":{"start":{"line":4,"column":6},"end":{"line":4,"column":99}},"3":{"start":{"line":6,"column":4},"end":{"line":6,"column":11}},"4":{"start":{"line":10,"column":0},"end":{"line":10,"column":31}}},"fnMap":{"0":{"name":"authorizeRole","decl":{"start":{"line":1,"column":9},"end":{"line":1,"column":22}},"loc":{"start":{"line":1,"column":40},"end":{"line":8,"column":1}},"line":1},"1":{"name":"(anonymous_1)","decl":{"start":{"line":2,"column":9},"end":{"line":2,"column":10}},"loc":{"start":{"line":2,"column":29},"end":{"line":7,"column":3}},"line":2}},"branchMap":{"0":{"loc":{"start":{"line":3,"column":4},"end":{"line":5,"column":5}},"type":"if","locations":[{"start":{"line":3,"column":4},"end":{"line":5,"column":5}},{"start":{},"end":{}}],"line":3},"1":{"loc":{"start":{"line":3,"column":8},"end":{"line":3,"column":66}},"type":"binary-expr","locations":[{"start":{"line":3,"column":8},"end":{"line":3,"column":21}},{"start":{"line":3,"column":25},"end":{"line":3,"column":66}}],"line":3}},"s":{"0":3,"1":0,"2":0,"3":0,"4":3},"f":{"0":3,"1":0},"b":{"0":[0,0],"1":[0,0]},"_coverageSchema":"1a1c01bbd47fc00a2c39e90264f33305004495a9","hash":"1b228a2ff1842645f0498ff22583af18ea2d31e8"}
,"C:\\Users\\Merthan\\Desktop\\vocabulary-builder\\repositories\\achievementsRepository.js": {"path":"C:\\Users\\Merthan\\Desktop\\vocabulary-builder\\repositories\\achievementsRepository.js","statementMap":{"0":{"start":{"line":1,"column":18},"end":{"line":1,"column":41}},"1":{"start":{"line":2,"column":21},"end":{"line":2,"column":39}},"2":{"start":{"line":5,"column":13},"end":{"line":5,"column":20}},"3":{"start":{"line":6,"column":2},"end":{"line":11,"column":5}},"4":{"start":{"line":15,"column":13},"end":{"line":15,"column":20}},"5":{"start":{"line":16,"column":2},"end":{"line":18,"column":15}},"6":{"start":{"line":22,"column":13},"end":{"line":22,"column":20}},"7":{"start":{"line":23,"column":2},"end":{"line":26,"column":5}},"8":{"start":{"line":29,"column":0},"end":{"line":29,"column":59}}},"fnMap":{"0":{"name":"insert","decl":{"start":{"line":4,"column":15},"end":{"line":4,"column":21}},"loc":{"start":{"line":4,"column":54},"end":{"line":12,"column":1}},"line":4},"1":{"name":"findByCustomer","decl":{"start":{"line":14,"column":15},"end":{"line":14,"column":29}},"loc":{"start":{"line":14,"column":42},"end":{"line":19,"column":1}},"line":14},"2":{"name":"existsByTitle","decl":{"start":{"line":21,"column":15},"end":{"line":21,"column":28}},"loc":{"start":{"line":21,"column":48},"end":{"line":27,"column":1}},"line":21}},"branchMap":{},"s":{"0":3,"1":3,"2":0,"3":0,"4":0,"5":0,"6":0,"7":0,"8":3},"f":{"0":0,"1":0,"2":0},"b":{},"_coverageSchema":"1a1c01bbd47fc00a2c39e90264f33305004495a9","hash":"1d19aa103f177fe4e736d0ce737da9a224f2a9a1"}
,"C:\\Users\\Merthan\\Desktop\\vocabulary-builder\\repositories\\adminRepository.js": {"path":"C:\\Users\\Merthan\\Desktop\\vocabulary-builder\\repositories\\adminRepository.js","statementMap":{"0":{"start":{"line":1,"column":18},"end":{"line":1,"column":41}},"1":{"start":{"line":4,"column":13},"end":{"line":4,"column":20}},"2":{"start":{"line":5,"column":2},"end":{"line":24,"column":15}},"3":{"start":{"line":27,"column":0},"end":{"line":27,"column":52}}},"fnMap":{"0":{"name":"findAllSavedWordsWithCustomers","decl":{"start":{"line":3,"column":15},"end":{"line":3,"column":45}},"loc":{"start":{"line":3,"column":48},"end":{"line":25,"column":1}},"line":3}},"branchMap":{},"s":{"0":3,"1":0,"2":0,"3":3},"f":{"0":0},"b":{},"_coverageSchema":"1a1c01bbd47fc00a2c39e90264f33305004495a9","hash":"9851da7d960b8ad791cf3f792c4bb9f3b03880cb"}
,"C:\\Users\\Merthan\\Desktop\\vocabulary-builder\\repositories\\customerRepository.js": {"path":"C:\\Users\\Merthan\\Desktop\\vocabulary-builder\\repositories\\customerRepository.js","statementMap":{"0":{"start":{"line":1,"column":18},"end":{"line":1,"column":41}},"1":{"start":{"line":4,"column":13},"end":{"line":4,"column":20}},"2":{"start":{"line":5,"column":2},"end":{"line":5,"column":61}},"3":{"start":{"line":9,"column":13},"end":{"line":9,"column":20}},"4":{"start":{"line":10,"column":2},"end":{"line":10,"column":66}},"5":{"start":{"line":14,"column":13},"end":{"line":14,"column":20}},"6":{"start":{"line":15,"column":2},"end":{"line":15,"column":59}},"7":{"start":{"line":18,"column":0},"end":{"line":18,"column":58}}},"fnMap":{"0":{"name":"findByEmail","decl":{"start":{"line":3,"column":15},"end":{"line":3,"column":26}},"loc":{"start":{"line":3,"column":34},"end":{"line":6,"column":1}},"line":3},"1":{"name":"insertCustomer","decl":{"start":{"line":8,"column":15},"end":{"line":8,"column":29}},"loc":{"start":{"line":8,"column":44},"end":{"line":11,"column":1}},"line":8},"2":{"name":"findAll","decl":{"start":{"line":13,"column":15},"end":{"line":13,"column":22}},"loc":{"start":{"line":13,"column":25},"end":{"line":16,"column":1}},"line":13}},"branchMap":{},"s":{"0":3,"1":3,"2":3,"3":2,"4":2,"5":0,"6":0,"7":3},"f":{"0":3,"1":2,"2":0},"b":{},"_coverageSchema":"1a1c01bbd47fc00a2c39e90264f33305004495a9","hash":"3c3f7edb17bd5dc2ef0ecef06204e228894b6156"}
,"C:\\Users\\Merthan\\Desktop\\vocabulary-builder\\repositories\\dictionaryRepository.js": {"path":"C:\\Users\\Merthan\\Desktop\\vocabulary-builder\\repositories\\dictionaryRepository.js","statementMap":{"0":{"start":{"line":2,"column":19},"end":{"line":2,"column":89}},"1":{"start":{"line":4,"column":2},"end":{"line":6,"column":3}},"2":{"start":{"line":5,"column":4},"end":{"line":5,"column":16}},"3":{"start":{"line":8,"column":15},"end":{"line":8,"column":36}},"4":{"start":{"line":9,"column":2},"end":{"line":9,"column":14}},"5":{"start":{"line":12,"column":0},"end":{"line":12,"column":37}}},"fnMap":{"0":{"name":"fetchDefinition","decl":{"start":{"line":1,"column":15},"end":{"line":1,"column":30}},"loc":{"start":{"line":1,"column":37},"end":{"line":10,"column":1}},"line":1}},"branchMap":{"0":{"loc":{"start":{"line":4,"column":2},"end":{"line":6,"column":3}},"type":"if","locations":[{"start":{"line":4,"column":2},"end":{"line":6,"column":3}},{"start":{},"end":{}}],"line":4}},"s":{"0":0,"1":0,"2":0,"3":0,"4":0,"5":3},"f":{"0":0},"b":{"0":[0,0]},"_coverageSchema":"1a1c01bbd47fc00a2c39e90264f33305004495a9","hash":"f72e72cc869b759f2a4a5be5cf8c8e82c4cf02e8"}
,"C:\\Users\\Merthan\\Desktop\\vocabulary-builder\\repositories\\goalsRepository.js": {"path":"C:\\Users\\Merthan\\Desktop\\vocabulary-builder\\repositories\\goalsRepository.js","statementMap":{"0":{"start":{"line":1,"column":18},"end":{"line":1,"column":41}},"1":{"start":{"line":2,"column":21},"end":{"line":2,"column":39}},"2":{"start":{"line":5,"column":13},"end":{"line":5,"column":20}},"3":{"start":{"line":6,"column":2},"end":{"line":6,"column":88}},"4":{"start":{"line":10,"column":13},"end":{"line":10,"column":20}},"5":{"start":{"line":11,"column":2},"end":{"line":15,"column":4}},"6":{"start":{"line":18,"column":0},"end":{"line":18,"column":48}}},"fnMap":{"0":{"name":"findByCustomer","decl":{"start":{"line":4,"column":15},"end":{"line":4,"column":29}},"loc":{"start":{"line":4,"column":42},"end":{"line":7,"column":1}},"line":4},"1":{"name":"upsertGoal","decl":{"start":{"line":9,"column":15},"end":{"line":9,"column":25}},"loc":{"start":{"line":9,"column":65},"end":{"line":16,"column":1}},"line":9}},"branchMap":{},"s":{"0":3,"1":3,"2":0,"3":0,"4":0,"5":0,"6":3},"f":{"0":0,"1":0},"b":{},"_coverageSchema":"1a1c01bbd47fc00a2c39e90264f33305004495a9","hash":"397d4b7d2822727f81ca86a6fce48a3b02168c03"}
,"C:\\Users\\Merthan\\Desktop\\vocabulary-builder\\repositories\\savedWordsRepository.js": {"path":"C:\\Users\\Merthan\\Desktop\\vocabulary-builder\\repositories\\savedWordsRepository.js","statementMap":{"0":{"start":{"line":1,"column":18},"end":{"line":1,"column":41}},"1":{"start":{"line":2,"column":21},"end":{"line":2,"column":39}},"2":{"start":{"line":5,"column":13},"end":{"line":5,"column":20}},"3":{"start":{"line":6,"column":2},"end":{"line":10,"column":5}},"4":{"start":{"line":14,"column":13},"end":{"line":14,"column":20}},"5":{"start":{"line":15,"column":2},"end":{"line":17,"column":15}},"6":{"start":{"line":21,"column":13},"end":{"line":21,"column":20}},"7":{"start":{"line":22,"column":2},"end":{"line":25,"column":5}},"8":{"start":{"line":29,"column":13},"end":{"line":29,"column":20}},"9":{"start":{"line":30,"column":2},"end":{"line":33,"column":5}},"10":{"start":{"line":37,"column":13},"end":{"line":37,"column":20}},"11":{"start":{"line":38,"column":2},"end":{"line":41,"column":4}},"12":{"start":{"line":45,"column":13},"end":{"line":45,"column":20}},"13":{"start":{"line":46,"column":17},"end":{"line":46,"column":57}},"14":{"start":{"line":47,"column":2},"end":{"line":47,"column":63}},"15":{"start":{"line":47,"column":17},"end":{"line":47,"column":63}},"16":{"start":{"line":49,"column":16},"end":{"line":49,"column":72}},"17":{"start":{"line":50,"column":2},"end":{"line":50,"column":31}},"18":{"start":{"line":50,"column":19},"end":{"line":50,"column":31}},"19":{"start":{"line":52,"column":22},"end":{"line":52,"column":55}},"20":{"start":{"line":53,"column":18},"end":{"line":53,"column":101}},"21":{"start":{"line":54,"column":2},"end":{"line":54,"column":20}},"22":{"start":{"line":58,"column":13},"end":{"line":58,"column":20}},"23":{"start":{"line":59,"column":2},"end":{"line":64,"column":15}},"24":{"start":{"line":68,"column":13},"end":{"line":68,"column":20}},"25":{"start":{"line":69,"column":2},"end":{"line":75,"column":15}},"26":{"start":{"line":79,"column":13},"end":{"line":79,"column":20}},"27":{"start":{"line":80,"column":15},"end":{"line":80,"column":83}},"28":{"start":{"line":82,"column":26},"end":{"line":82,"column":48}},"29":{"start":{"line":83,"column":22},"end":{"line":83,"column":55}},"30":{"start":{"line":85,"column":23},"end":{"line":85,"column":33}},"31":{"start":{"line":86,"column":2},"end":{"line":86,"column":61}},"32":{"start":{"line":88,"column":2},"end":{"line":98,"column":4}},"33":{"start":{"line":101,"column":0},"end":{"line":101,"column":169}}},"fnMap":{"0":{"name":"insert","decl":{"start":{"line":4,"column":15},"end":{"line":4,"column":21}},"loc":{"start":{"line":4,"column":44},"end":{"line":11,"column":1}},"line":4},"1":{"name":"findByCustomer","decl":{"start":{"line":13,"column":15},"end":{"line":13,"column":29}},"loc":{"start":{"line":13,"column":42},"end":{"line":18,"column":1}},"line":13},"2":{"name":"findByWordAndCustomer","decl":{"start":{"line":20,"column":15},"end":{"line":20,"column":36}},"loc":{"start":{"line":20,"column":55},"end":{"line":26,"column":1}},"line":20},"3":{"name":"deleteById","decl":{"start":{"line":28,"column":15},"end":{"line":28,"column":25}},"loc":{"start":{"line":28,"column":42},"end":{"line":34,"column":1}},"line":28},"4":{"name":"updateRelatedWords","decl":{"start":{"line":36,"column":15},"end":{"line":36,"column":33}},"loc":{"start":{"line":36,"column":52},"end":{"line":42,"column":1}},"line":36},"5":{"name":"findRandom","decl":{"start":{"line":44,"column":15},"end":{"line":44,"column":25}},"loc":{"start":{"line":44,"column":56},"end":{"line":55,"column":1}},"line":44},"6":{"name":"findRandomMultiple","decl":{"start":{"line":57,"column":15},"end":{"line":57,"column":33}},"loc":{"start":{"line":57,"column":53},"end":{"line":65,"column":1}},"line":57},"7":{"name":"findDueForReview","decl":{"start":{"line":67,"column":15},"end":{"line":67,"column":31}},"loc":{"start":{"line":67,"column":44},"end":{"line":76,"column":1}},"line":67},"8":{"name":"updateReviewResult","decl":{"start":{"line":78,"column":15},"end":{"line":78,"column":33}},"loc":{"start":{"line":78,"column":51},"end":{"line":99,"column":1}},"line":78}},"branchMap":{"0":{"loc":{"start":{"line":44,"column":38},"end":{"line":44,"column":54}},"type":"default-arg","locations":[{"start":{"line":44,"column":50},"end":{"line":44,"column":54}}],"line":44},"1":{"loc":{"start":{"line":47,"column":2},"end":{"line":47,"column":63}},"type":"if","locations":[{"start":{"line":47,"column":2},"end":{"line":47,"column":63}},{"start":{},"end":{}}],"line":47},"2":{"loc":{"start":{"line":50,"column":2},"end":{"line":50,"column":31}},"type":"if","locations":[{"start":{"line":50,"column":2},"end":{"line":50,"column":31}},{"start":{},"end":{}}],"line":50},"3":{"loc":{"start":{"line":82,"column":26},"end":{"line":82,"column":48}},"type":"binary-expr","locations":[{"start":{"line":82,"column":26},"end":{"line":82,"column":43}},{"start":{"line":82,"column":47},"end":{"line":82,"column":48}}],"line":82},"4":{"loc":{"start":{"line":83,"column":22},"end":{"line":83,"column":55}},"type":"cond-expr","locations":[{"start":{"line":83,"column":32},"end":{"line":83,"column":51}},{"start":{"line":83,"column":54},"end":{"line":83,"column":55}}],"line":83}},"s":{"0":3,"1":3,"2":0,"3":0,"4":0,"5":0,"6":0,"7":0,"8":0,"9":0,"10":0,"11":0,"12":0,"13":0,"14":0,"15":0,"16":0,"17":0,"18":0,"19":0,"20":0,"21":0,"22":0,"23":0,"24":0,"25":0,"26":0,"27":0,"28":0,"29":0,"30":0,"31":0,"32":0,"33":3},"f":{"0":0,"1":0,"2":0,"3":0,"4":0,"5":0,"6":0,"7":0,"8":0},"b":{"0":[0],"1":[0,0],"2":[0,0],"3":[0,0],"4":[0,0]},"_coverageSchema":"1a1c01bbd47fc00a2c39e90264f33305004495a9","hash":"21459a3de2a7a4f6b450370dfdc5c5990b650d8a"}
,"C:\\Users\\Merthan\\Desktop\\vocabulary-builder\\routes\\achievementsRoutes.js": {"path":"C:\\Users\\Merthan\\Desktop\\vocabulary-builder\\routes\\achievementsRoutes.js","statementMap":{"0":{"start":{"line":1,"column":16},"end":{"line":1,"column":34}},"1":{"start":{"line":2,"column":15},"end":{"line":2,"column":31}},"2":{"start":{"line":3,"column":31},"end":{"line":3,"column":79}},"3":{"start":{"line":4,"column":26},"end":{"line":4,"column":68}},"4":{"start":{"line":18,"column":0},"end":{"line":18,"column":78}},"5":{"start":{"line":20,"column":0},"end":{"line":20,"column":24}}},"fnMap":{},"branchMap":{},"s":{"0":3,"1":3,"2":3,"3":3,"4":3,"5":3},"f":{},"b":{},"_coverageSchema":"1a1c01bbd47fc00a2c39e90264f33305004495a9","hash":"165ca76777fa2e21cc47ec53a94207b5857624cd"}
,"C:\\Users\\Merthan\\Desktop\\vocabulary-builder\\routes\\adminRoutes.js": {"path":"C:\\Users\\Merthan\\Desktop\\vocabulary-builder\\routes\\adminRoutes.js","statementMap":{"0":{"start":{"line":1,"column":16},"end":{"line":1,"column":34}},"1":{"start":{"line":2,"column":15},"end":{"line":2,"column":31}},"2":{"start":{"line":3,"column":24},"end":{"line":3,"column":65}},"3":{"start":{"line":4,"column":26},"end":{"line":4,"column":68}},"4":{"start":{"line":5,"column":22},"end":{"line":5,"column":60}},"5":{"start":{"line":21,"column":0},"end":{"line":21,"column":109}},"6":{"start":{"line":23,"column":0},"end":{"line":23,"column":24}}},"fnMap":{},"branchMap":{},"s":{"0":3,"1":3,"2":3,"3":3,"4":3,"5":3,"6":3},"f":{},"b":{},"_coverageSchema":"1a1c01bbd47fc00a2c39e90264f33305004495a9","hash":"2ce1dd2b8654d456e57072f85a781573929b139d"}
,"C:\\Users\\Merthan\\Desktop\\vocabulary-builder\\routes\\authRoutes.js": {"path":"C:\\Users\\Merthan\\Desktop\\vocabulary-builder\\routes\\authRoutes.js","statementMap":{"0":{"start":{"line":1,"column":16},"end":{"line":1,"column":34}},"1":{"start":{"line":2,"column":15},"end":{"line":2,"column":31}},"2":{"start":{"line":3,"column":23},"end":{"line":3,"column":63}},"3":{"start":{"line":4,"column":26},"end":{"line":4,"column":68}},"4":{"start":{"line":31,"column":0},"end":{"line":31,"column":50}},"5":{"start":{"line":56,"column":0},"end":{"line":56,"column":44}},"6":{"start":{"line":72,"column":0},"end":{"line":72,"column":73}},"7":{"start":{"line":74,"column":0},"end":{"line":74,"column":24}}},"fnMap":{},"branchMap":{},"s":{"0":3,"1":3,"2":3,"3":3,"4":3,"5":3,"6":3,"7":3},"f":{},"b":{},"_coverageSchema":"1a1c01bbd47fc00a2c39e90264f33305004495a9","hash":"b41680f057b3b6f3409b2f4e15f301334626e538"}
,"C:\\Users\\Merthan\\Desktop\\vocabulary-builder\\routes\\dictionaryRoutes.js": {"path":"C:\\Users\\Merthan\\Desktop\\vocabulary-builder\\routes\\dictionaryRoutes.js","statementMap":{"0":{"start":{"line":1,"column":16},"end":{"line":1,"column":34}},"1":{"start":{"line":2,"column":15},"end":{"line":2,"column":31}},"2":{"start":{"line":3,"column":29},"end":{"line":3,"column":75}},"3":{"start":{"line":23,"column":0},"end":{"line":23,"column":61}},"4":{"start":{"line":25,"column":0},"end":{"line":25,"column":24}}},"fnMap":{},"branchMap":{},"s":{"0":3,"1":3,"2":3,"3":3,"4":3},"f":{},"b":{},"_coverageSchema":"1a1c01bbd47fc00a2c39e90264f33305004495a9","hash":"27829d29647c61f86c7ac02a23f0041fa7f47bfd"}
,"C:\\Users\\Merthan\\Desktop\\vocabulary-builder\\routes\\goalsRoutes.js": {"path":"C:\\Users\\Merthan\\Desktop\\vocabulary-builder\\routes\\goalsRoutes.js","statementMap":{"0":{"start":{"line":1,"column":16},"end":{"line":1,"column":34}},"1":{"start":{"line":2,"column":15},"end":{"line":2,"column":31}},"2":{"start":{"line":3,"column":24},"end":{"line":3,"column":65}},"3":{"start":{"line":4,"column":26},"end":{"line":4,"column":68}},"4":{"start":{"line":30,"column":0},"end":{"line":30,"column":65}},"5":{"start":{"line":46,"column":0},"end":{"line":46,"column":75}},"6":{"start":{"line":48,"column":0},"end":{"line":48,"column":24}}},"fnMap":{},"branchMap":{},"s":{"0":3,"1":3,"2":3,"3":3,"4":3,"5":3,"6":3},"f":{},"b":{},"_coverageSchema":"1a1c01bbd47fc00a2c39e90264f33305004495a9","hash":"b31f8bd2af26002f184c760686f0bfd3f460ac11"}
,"C:\\Users\\Merthan\\Desktop\\vocabulary-builder\\routes\\quizRoutes.js": {"path":"C:\\Users\\Merthan\\Desktop\\vocabulary-builder\\routes\\quizRoutes.js","statementMap":{"0":{"start":{"line":1,"column":16},"end":{"line":1,"column":34}},"1":{"start":{"line":2,"column":15},"end":{"line":2,"column":31}},"2":{"start":{"line":3,"column":23},"end":{"line":3,"column":63}},"3":{"start":{"line":4,"column":26},"end":{"line":4,"column":68}},"4":{"start":{"line":20,"column":0},"end":{"line":20,"column":95}},"5":{"start":{"line":45,"column":0},"end":{"line":45,"column":107}},"6":{"start":{"line":61,"column":0},"end":{"line":61,"column":85}},"7":{"start":{"line":75,"column":0},"end":{"line":75,"column":87}},"8":{"start":{"line":77,"column":0},"end":{"line":77,"column":24}}},"fnMap":{},"branchMap":{},"s":{"0":3,"1":3,"2":3,"3":3,"4":3,"5":3,"6":3,"7":3,"8":3},"f":{},"b":{},"_coverageSchema":"1a1c01bbd47fc00a2c39e90264f33305004495a9","hash":"fb24aa61f361b8f485d1f2678d44a6afc8533408"}
,"C:\\Users\\Merthan\\Desktop\\vocabulary-builder\\routes\\savedWordsRoutes.js": {"path":"C:\\Users\\Merthan\\Desktop\\vocabulary-builder\\routes\\savedWordsRoutes.js","statementMap":{"0":{"start":{"line":1,"column":16},"end":{"line":1,"column":34}},"1":{"start":{"line":2,"column":15},"end":{"line":2,"column":31}},"2":{"start":{"line":3,"column":29},"end":{"line":3,"column":75}},"3":{"start":{"line":4,"column":26},"end":{"line":4,"column":68}},"4":{"start":{"line":37,"column":0},"end":{"line":37,"column":75}},"5":{"start":{"line":51,"column":0},"end":{"line":51,"column":74}},"6":{"start":{"line":73,"column":0},"end":{"line":73,"column":81}},"7":{"start":{"line":75,"column":0},"end":{"line":75,"column":24}}},"fnMap":{},"branchMap":{},"s":{"0":3,"1":3,"2":3,"3":3,"4":3,"5":3,"6":3,"7":3},"f":{},"b":{},"_coverageSchema":"1a1c01bbd47fc00a2c39e90264f33305004495a9","hash":"d008db261b2723048987edef44cf1ef5cd063e11"}
,"C:\\Users\\Merthan\\Desktop\\vocabulary-builder\\services\\achievementsService.js": {"path":"C:\\Users\\Merthan\\Desktop\\vocabulary-builder\\services\\achievementsService.js","statementMap":{"0":{"start":{"line":1,"column":31},"end":{"line":1,"column":80}},"1":{"start":{"line":3,"column":19},"end":{"line":3,"column":39}},"2":{"start":{"line":6,"column":2},"end":{"line":8,"column":3}},"3":{"start":{"line":7,"column":4},"end":{"line":7,"column":16}},"4":{"start":{"line":10,"column":16},"end":{"line":10,"column":49}},"5":{"start":{"line":12,"column":26},"end":{"line":12,"column":87}},"6":{"start":{"line":13,"column":2},"end":{"line":15,"column":3}},"7":{"start":{"line":14,"column":4},"end":{"line":14,"column":16}},"8":{"start":{"line":17,"column":22},"end":{"line":17,"column":91}},"9":{"start":{"line":18,"column":2},"end":{"line":18,"column":70}},"10":{"start":{"line":20,"column":2},"end":{"line":20,"column":32}},"11":{"start":{"line":24,"column":2},"end":{"line":24,"column":65}},"12":{"start":{"line":27,"column":0},"end":{"line":27,"column":53}}},"fnMap":{"0":{"name":"checkAndUnlock","decl":{"start":{"line":5,"column":15},"end":{"line":5,"column":29}},"loc":{"start":{"line":5,"column":60},"end":{"line":21,"column":1}},"line":5},"1":{"name":"getAchievements","decl":{"start":{"line":23,"column":15},"end":{"line":23,"column":30}},"loc":{"start":{"line":23,"column":43},"end":{"line":25,"column":1}},"line":23}},"branchMap":{"0":{"loc":{"start":{"line":6,"column":2},"end":{"line":8,"column":3}},"type":"if","locations":[{"start":{"line":6,"column":2},"end":{"line":8,"column":3}},{"start":{},"end":{}}],"line":6},"1":{"loc":{"start":{"line":13,"column":2},"end":{"line":15,"column":3}},"type":"if","locations":[{"start":{"line":13,"column":2},"end":{"line":15,"column":3}},{"start":{},"end":{}}],"line":13}},"s":{"0":3,"1":3,"2":0,"3":0,"4":0,"5":0,"6":0,"7":0,"8":0,"9":0,"10":0,"11":0,"12":3},"f":{"0":0,"1":0},"b":{"0":[0,0],"1":[0,0]},"_coverageSchema":"1a1c01bbd47fc00a2c39e90264f33305004495a9","hash":"a2f8caa8ddc23be0207952458342411c0e596e9a"}
,"C:\\Users\\Merthan\\Desktop\\vocabulary-builder\\services\\adminService.js": {"path":"C:\\Users\\Merthan\\Desktop\\vocabulary-builder\\services\\adminService.js","statementMap":{"0":{"start":{"line":1,"column":24},"end":{"line":1,"column":66}},"1":{"start":{"line":4,"column":2},"end":{"line":4,"column":64}},"2":{"start":{"line":7,"column":0},"end":{"line":7,"column":51}}},"fnMap":{"0":{"name":"getAllSavedWordsWithCustomers","decl":{"start":{"line":3,"column":15},"end":{"line":3,"column":44}},"loc":{"start":{"line":3,"column":47},"end":{"line":5,"column":1}},"line":3}},"branchMap":{},"s":{"0":3,"1":0,"2":3},"f":{"0":0},"b":{},"_coverageSchema":"1a1c01bbd47fc00a2c39e90264f33305004495a9","hash":"1f85bfcb04e65ef6d0e37ebc6acfa747b88234af"}
,"C:\\Users\\Merthan\\Desktop\\vocabulary-builder\\services\\authService.js": {"path":"C:\\Users\\Merthan\\Desktop\\vocabulary-builder\\services\\authService.js","statementMap":{"0":{"start":{"line":1,"column":15},"end":{"line":1,"column":32}},"1":{"start":{"line":2,"column":12},"end":{"line":2,"column":35}},"2":{"start":{"line":4,"column":27},"end":{"line":4,"column":72}},"3":{"start":{"line":7,"column":19},"end":{"line":7,"column":62}},"4":{"start":{"line":8,"column":2},"end":{"line":10,"column":3}},"5":{"start":{"line":9,"column":4},"end":{"line":9,"column":49}},"6":{"start":{"line":12,"column":26},"end":{"line":12,"column":75}},"7":{"start":{"line":13,"column":2},"end":{"line":15,"column":3}},"8":{"start":{"line":14,"column":4},"end":{"line":14,"column":49}},"9":{"start":{"line":17,"column":16},"end":{"line":21,"column":3}},"10":{"start":{"line":23,"column":2},"end":{"line":23,"column":15}},"11":{"start":{"line":27,"column":19},"end":{"line":27,"column":62}},"12":{"start":{"line":28,"column":2},"end":{"line":30,"column":3}},"13":{"start":{"line":29,"column":4},"end":{"line":29,"column":48}},"14":{"start":{"line":32,"column":25},"end":{"line":32,"column":56}},"15":{"start":{"line":34,"column":17},"end":{"line":39,"column":4}},"16":{"start":{"line":41,"column":2},"end":{"line":41,"column":27}},"17":{"start":{"line":45,"column":20},"end":{"line":45,"column":54}},"18":{"start":{"line":46,"column":2},"end":{"line":46,"column":56}},"19":{"start":{"line":46,"column":50},"end":{"line":46,"column":54}},"20":{"start":{"line":49,"column":0},"end":{"line":49,"column":70}}},"fnMap":{"0":{"name":"loginCustomer","decl":{"start":{"line":6,"column":15},"end":{"line":6,"column":28}},"loc":{"start":{"line":6,"column":50},"end":{"line":24,"column":1}},"line":6},"1":{"name":"registerCustomer","decl":{"start":{"line":26,"column":15},"end":{"line":26,"column":31}},"loc":{"start":{"line":26,"column":59},"end":{"line":42,"column":1}},"line":26},"2":{"name":"getAllCustomers","decl":{"start":{"line":44,"column":15},"end":{"line":44,"column":30}},"loc":{"start":{"line":44,"column":33},"end":{"line":47,"column":1}},"line":44},"3":{"name":"(anonymous_3)","decl":{"start":{"line":46,"column":23},"end":{"line":46,"column":24}},"loc":{"start":{"line":46,"column":50},"end":{"line":46,"column":54}},"line":46}},"branchMap":{"0":{"loc":{"start":{"line":8,"column":2},"end":{"line":10,"column":3}},"type":"if","locations":[{"start":{"line":8,"column":2},"end":{"line":10,"column":3}},{"start":{},"end":{}}],"line":8},"1":{"loc":{"start":{"line":13,"column":2},"end":{"line":15,"column":3}},"type":"if","locations":[{"start":{"line":13,"column":2},"end":{"line":15,"column":3}},{"start":{},"end":{}}],"line":13},"2":{"loc":{"start":{"line":28,"column":2},"end":{"line":30,"column":3}},"type":"if","locations":[{"start":{"line":28,"column":2},"end":{"line":30,"column":3}},{"start":{},"end":{}}],"line":28}},"s":{"0":3,"1":3,"2":3,"3":0,"4":0,"5":0,"6":0,"7":0,"8":0,"9":0,"10":0,"11":3,"12":3,"13":1,"14":2,"15":2,"16":2,"17":0,"18":0,"19":0,"20":3},"f":{"0":0,"1":3,"2":0,"3":0},"b":{"0":[0,0],"1":[0,0],"2":[1,2]},"_coverageSchema":"1a1c01bbd47fc00a2c39e90264f33305004495a9","hash":"9a647896aa1effd5cdfb025a91e124548b174d6f"}
,"C:\\Users\\Merthan\\Desktop\\vocabulary-builder\\services\\dictionaryService.js": {"path":"C:\\Users\\Merthan\\Desktop\\vocabulary-builder\\services\\dictionaryService.js","statementMap":{"0":{"start":{"line":1,"column":29},"end":{"line":1,"column":76}},"1":{"start":{"line":4,"column":15},"end":{"line":4,"column":63}},"2":{"start":{"line":6,"column":2},"end":{"line":8,"column":3}},"3":{"start":{"line":7,"column":4},"end":{"line":7,"column":38}},"4":{"start":{"line":10,"column":16},"end":{"line":10,"column":31}},"5":{"start":{"line":11,"column":16},"end":{"line":11,"column":31}},"6":{"start":{"line":12,"column":24},"end":{"line":12,"column":71}},"7":{"start":{"line":14,"column":2},"end":{"line":20,"column":4}},"8":{"start":{"line":23,"column":0},"end":{"line":23,"column":39}}},"fnMap":{"0":{"name":"getWordDefinition","decl":{"start":{"line":3,"column":15},"end":{"line":3,"column":32}},"loc":{"start":{"line":3,"column":39},"end":{"line":21,"column":1}},"line":3}},"branchMap":{"0":{"loc":{"start":{"line":6,"column":2},"end":{"line":8,"column":3}},"type":"if","locations":[{"start":{"line":6,"column":2},"end":{"line":8,"column":3}},{"start":{},"end":{}}],"line":6},"1":{"loc":{"start":{"line":6,"column":6},"end":{"line":6,"column":57}},"type":"binary-expr","locations":[{"start":{"line":6,"column":6},"end":{"line":6,"column":11}},{"start":{"line":6,"column":15},"end":{"line":6,"column":28}},{"start":{"line":6,"column":32},"end":{"line":6,"column":57}}],"line":6},"2":{"loc":{"start":{"line":12,"column":24},"end":{"line":12,"column":71}},"type":"binary-expr","locations":[{"start":{"line":12,"column":24},"end":{"line":12,"column":44}},{"start":{"line":12,"column":48},"end":{"line":12,"column":71}}],"line":12},"3":{"loc":{"start":{"line":16,"column":14},"end":{"line":16,"column":53}},"type":"cond-expr","locations":[{"start":{"line":16,"column":30},"end":{"line":16,"column":48}},{"start":{"line":16,"column":51},"end":{"line":16,"column":53}}],"line":16},"4":{"loc":{"start":{"line":19,"column":13},"end":{"line":19,"column":56}},"type":"binary-expr","locations":[{"start":{"line":19,"column":14},"end":{"line":19,"column":28}},{"start":{"line":19,"column":32},"end":{"line":19,"column":49}},{"start":{"line":19,"column":54},"end":{"line":19,"column":56}}],"line":19}},"s":{"0":3,"1":0,"2":0,"3":0,"4":0,"5":0,"6":0,"7":0,"8":3},"f":{"0":0},"b":{"0":[0,0],"1":[0,0,0],"2":[0,0],"3":[0,0],"4":[0,0,0]},"_coverageSchema":"1a1c01bbd47fc00a2c39e90264f33305004495a9","hash":"d9ea05c475a08898acff8fb6f179718c3c22f1e2"}
,"C:\\Users\\Merthan\\Desktop\\vocabulary-builder\\services\\goalsService.js": {"path":"C:\\Users\\Merthan\\Desktop\\vocabulary-builder\\services\\goalsService.js","statementMap":{"0":{"start":{"line":1,"column":24},"end":{"line":1,"column":66}},"1":{"start":{"line":2,"column":29},"end":{"line":2,"column":76}},"2":{"start":{"line":5,"column":2},"end":{"line":5,"column":74}},"3":{"start":{"line":9,"column":15},"end":{"line":9,"column":63}},"4":{"start":{"line":10,"column":2},"end":{"line":12,"column":3}},"5":{"start":{"line":11,"column":4},"end":{"line":11,"column":39}},"6":{"start":{"line":14,"column":21},"end":{"line":14,"column":74}},"7":{"start":{"line":15,"column":20},"end":{"line":15,"column":37}},"8":{"start":{"line":17,"column":19},"end":{"line":17,"column":92}},"9":{"start":{"line":18,"column":26},"end":{"line":18,"column":93}},"10":{"start":{"line":20,"column":2},"end":{"line":25,"column":4}},"11":{"start":{"line":28,"column":0},"end":{"line":28,"column":42}}},"fnMap":{"0":{"name":"setGoal","decl":{"start":{"line":4,"column":15},"end":{"line":4,"column":22}},"loc":{"start":{"line":4,"column":62},"end":{"line":6,"column":1}},"line":4},"1":{"name":"getProgress","decl":{"start":{"line":8,"column":15},"end":{"line":8,"column":26}},"loc":{"start":{"line":8,"column":39},"end":{"line":26,"column":1}},"line":8}},"branchMap":{"0":{"loc":{"start":{"line":10,"column":2},"end":{"line":12,"column":3}},"type":"if","locations":[{"start":{"line":10,"column":2},"end":{"line":12,"column":3}},{"start":{},"end":{}}],"line":10}},"s":{"0":3,"1":3,"2":0,"3":0,"4":0,"5":0,"6":0,"7":0,"8":0,"9":0,"10":0,"11":3},"f":{"0":0,"1":0},"b":{"0":[0,0]},"_coverageSchema":"1a1c01bbd47fc00a2c39e90264f33305004495a9","hash":"63ad0363737a6afa05c3f2c240f72a8424b3db99"}
,"C:\\Users\\Merthan\\Desktop\\vocabulary-builder\\services\\quizService.js": {"path":"C:\\Users\\Merthan\\Desktop\\vocabulary-builder\\services\\quizService.js","statementMap":{"0":{"start":{"line":1,"column":29},"end":{"line":1,"column":76}},"1":{"start":{"line":4,"column":15},"end":{"line":4,"column":64}},"2":{"start":{"line":5,"column":2},"end":{"line":7,"column":3}},"3":{"start":{"line":6,"column":4},"end":{"line":6,"column":51}},"4":{"start":{"line":9,"column":2},"end":{"line":13,"column":4}},"5":{"start":{"line":17,"column":2},"end":{"line":17,"column":78}},"6":{"start":{"line":21,"column":13},"end":{"line":21,"column":44}},"7":{"start":{"line":22,"column":23},"end":{"line":22,"column":41}},"8":{"start":{"line":24,"column":15},"end":{"line":24,"column":87}},"9":{"start":{"line":25,"column":2},"end":{"line":25,"column":51}},"10":{"start":{"line":25,"column":13},"end":{"line":25,"column":51}},"11":{"start":{"line":27,"column":20},"end":{"line":27,"column":54}},"12":{"start":{"line":28,"column":2},"end":{"line":28,"column":80}},"13":{"start":{"line":30,"column":2},"end":{"line":30,"column":56}},"14":{"start":{"line":34,"column":16},"end":{"line":34,"column":76}},"15":{"start":{"line":35,"column":2},"end":{"line":37,"column":3}},"16":{"start":{"line":36,"column":4},"end":{"line":36,"column":86}},"17":{"start":{"line":39,"column":22},"end":{"line":39,"column":30}},"18":{"start":{"line":40,"column":18},"end":{"line":40,"column":72}},"19":{"start":{"line":40,"column":33},"end":{"line":40,"column":39}},"20":{"start":{"line":40,"column":52},"end":{"line":40,"column":71}},"21":{"start":{"line":42,"column":2},"end":{"line":46,"column":4}},"22":{"start":{"line":50,"column":2},"end":{"line":50,"column":65}},"23":{"start":{"line":53,"column":0},"end":{"line":53,"column":94}}},"fnMap":{"0":{"name":"getAnswerShortQuestion","decl":{"start":{"line":3,"column":15},"end":{"line":3,"column":37}},"loc":{"start":{"line":3,"column":50},"end":{"line":14,"column":1}},"line":3},"1":{"name":"checkAnswer","decl":{"start":{"line":16,"column":9},"end":{"line":16,"column":20}},"loc":{"start":{"line":16,"column":46},"end":{"line":18,"column":1}},"line":16},"2":{"name":"submitAnswer","decl":{"start":{"line":20,"column":15},"end":{"line":20,"column":27}},"loc":{"start":{"line":20,"column":48},"end":{"line":31,"column":1}},"line":20},"3":{"name":"getMultipleChoice","decl":{"start":{"line":33,"column":15},"end":{"line":33,"column":32}},"loc":{"start":{"line":33,"column":45},"end":{"line":47,"column":1}},"line":33},"4":{"name":"(anonymous_4)","decl":{"start":{"line":40,"column":28},"end":{"line":40,"column":29}},"loc":{"start":{"line":40,"column":33},"end":{"line":40,"column":39}},"line":40},"5":{"name":"(anonymous_5)","decl":{"start":{"line":40,"column":46},"end":{"line":40,"column":47}},"loc":{"start":{"line":40,"column":52},"end":{"line":40,"column":71}},"line":40},"6":{"name":"getDueForReview","decl":{"start":{"line":49,"column":15},"end":{"line":49,"column":30}},"loc":{"start":{"line":49,"column":43},"end":{"line":51,"column":1}},"line":49}},"branchMap":{"0":{"loc":{"start":{"line":5,"column":2},"end":{"line":7,"column":3}},"type":"if","locations":[{"start":{"line":5,"column":2},"end":{"line":7,"column":3}},{"start":{},"end":{}}],"line":5},"1":{"loc":{"start":{"line":25,"column":2},"end":{"line":25,"column":51}},"type":"if","locations":[{"start":{"line":25,"column":2},"end":{"line":25,"column":51}},{"start":{},"end":{}}],"line":25},"2":{"loc":{"start":{"line":35,"column":2},"end":{"line":37,"column":3}},"type":"if","locations":[{"start":{"line":35,"column":2},"end":{"line":37,"column":3}},{"start":{},"end":{}}],"line":35}},"s":{"0":3,"1":0,"2":0,"3":0,"4":0,"5":0,"6":0,"7":0,"8":0,"9":0,"10":0,"11":0,"12":0,"13":0,"14":0,"15":0,"16":0,"17":0,"18":0,"19":0,"20":0,"21":0,"22":0,"23":3},"f":{"0":0,"1":0,"2":0,"3":0,"4":0,"5":0,"6":0},"b":{"0":[0,0],"1":[0,0],"2":[0,0]},"_coverageSchema":"1a1c01bbd47fc00a2c39e90264f33305004495a9","hash":"9aa82f16e5043865dc6c119ba58744f10c45f7ad"}
,"C:\\Users\\Merthan\\Desktop\\vocabulary-builder\\services\\savedWordsService.js": {"path":"C:\\Users\\Merthan\\Desktop\\vocabulary-builder\\services\\savedWordsService.js","statementMap":{"0":{"start":{"line":1,"column":29},"end":{"line":1,"column":76}},"1":{"start":{"line":2,"column":28},"end":{"line":2,"column":60}},"2":{"start":{"line":3,"column":35},"end":{"line":3,"column":64}},"3":{"start":{"line":6,"column":19},"end":{"line":6,"column":94}},"4":{"start":{"line":7,"column":2},"end":{"line":9,"column":3}},"5":{"start":{"line":8,"column":4},"end":{"line":8,"column":42}},"6":{"start":{"line":11,"column":17},"end":{"line":11,"column":72}},"7":{"start":{"line":14,"column":18},"end":{"line":14,"column":30}},"8":{"start":{"line":15,"column":18},"end":{"line":18,"column":4}},"9":{"start":{"line":19,"column":2},"end":{"line":19,"column":78}},"10":{"start":{"line":21,"column":19},"end":{"line":21,"column":72}},"11":{"start":{"line":22,"column":25},"end":{"line":22,"column":94}},"12":{"start":{"line":24,"column":2},"end":{"line":24,"column":59}},"13":{"start":{"line":28,"column":2},"end":{"line":28,"column":63}},"14":{"start":{"line":32,"column":17},"end":{"line":32,"column":70}},"15":{"start":{"line":33,"column":2},"end":{"line":33,"column":29}},"16":{"start":{"line":36,"column":0},"end":{"line":36,"column":57}}},"fnMap":{"0":{"name":"saveWord","decl":{"start":{"line":5,"column":15},"end":{"line":5,"column":23}},"loc":{"start":{"line":5,"column":46},"end":{"line":25,"column":1}},"line":5},"1":{"name":"getSavedWords","decl":{"start":{"line":27,"column":15},"end":{"line":27,"column":28}},"loc":{"start":{"line":27,"column":41},"end":{"line":29,"column":1}},"line":27},"2":{"name":"deleteWord","decl":{"start":{"line":31,"column":15},"end":{"line":31,"column":25}},"loc":{"start":{"line":31,"column":42},"end":{"line":34,"column":1}},"line":31}},"branchMap":{"0":{"loc":{"start":{"line":7,"column":2},"end":{"line":9,"column":3}},"type":"if","locations":[{"start":{"line":7,"column":2},"end":{"line":9,"column":3}},{"start":{},"end":{}}],"line":7}},"s":{"0":3,"1":3,"2":3,"3":0,"4":0,"5":0,"6":0,"7":0,"8":0,"9":0,"10":0,"11":0,"12":0,"13":0,"14":0,"15":0,"16":3},"f":{"0":0,"1":0,"2":0},"b":{"0":[0,0]},"_coverageSchema":"1a1c01bbd47fc00a2c39e90264f33305004495a9","hash":"9af6c40ba25a58918d391e92961d347d3a25593c"}
}
