TN:
SF:app.js
FN:31,(anonymous_0)
FNF:1
FNH:1
FNDA:1,(anonymous_0)
DA:1,3
DA:2,3
DA:3,3
DA:4,3
DA:6,3
DA:7,3
DA:8,3
DA:9,3
DA:10,3
DA:11,3
DA:12,3
DA:15,3
DA:16,3
DA:17,3
DA:18,3
DA:31,3
DA:32,1
DA:35,3
DA:36,3
DA:37,3
DA:38,3
DA:39,3
DA:40,3
DA:41,3
DA:43,3
LF:25
LH:25
BRF:0
BRH:0
end_of_record
TN:
SF:config\db.js
FN:9,connectDB
FN:16,getDB
FN:21,closeDB
FNF:3
FNH:3
FNDA:1,connectDB
FNDA:5,getDB
FNDA:1,closeDB
DA:1,3
DA:2,3
DA:4,3
DA:6,3
DA:10,1
DA:11,1
DA:12,1
DA:13,1
DA:17,5
DA:18,5
DA:22,1
DA:25,3
LF:12
LH:12
BRDA:17,0,0,0
BRDA:17,0,1,5
BRF:2
BRH:1
end_of_record
TN:
SF:config\rabbitmq.js
FN:6,connectQueue
FN:14,getChannel
FNF:2
FNH:0
FNDA:0,connectQueue
FNDA:0,getChannel
DA:1,3
DA:3,3
DA:7,0
DA:8,0
DA:9,0
DA:10,0
DA:11,0
DA:15,0
DA:16,0
DA:19,3
LF:10
LH:3
BRDA:15,0,0,0
BRDA:15,0,1,0
BRF:2
BRH:0
end_of_record
TN:
SF:config\swagger.js
FNF:0
FNH:0
DA:1,3
DA:3,3
DA:37,3
DA:39,3
LF:4
LH:4
BRF:0
BRH:0
end_of_record
TN:
SF:controllers\achievementsController.js
FN:3,getAll
FNF:1
FNH:0
FNDA:0,getAll
DA:1,3
DA:4,0
DA:5,0
DA:6,0
DA:8,0
DA:12,3
LF:6
LH:2
BRF:0
BRH:0
end_of_record
TN:
SF:controllers\adminController.js
FN:3,getAllSavedWords
FNF:1
FNH:0
FNDA:0,getAllSavedWords
DA:1,3
DA:4,0
DA:5,0
DA:6,0
DA:8,0
DA:12,3
LF:6
LH:2
BRF:0
BRH:0
end_of_record
TN:
SF:controllers\authController.js
FN:3,register
FN:13,getCustomers
FN:22,login
FNF:3
FNH:1
FNDA:3,register
FNDA:0,getCustomers
FNDA:0,login
DA:1,3
DA:4,3
DA:5,3
DA:6,3
DA:7,2
DA:9,1
DA:14,0
DA:15,0
DA:16,0
DA:18,0
DA:23,0
DA:24,0
DA:25,0
DA:26,0
DA:28,0
DA:32,3
LF:16
LH:7
BRF:0
BRH:0
end_of_record
TN:
SF:controllers\dictionaryController.js
FN:3,lookup
FNF:1
FNH:0
FNDA:0,lookup
DA:1,3
DA:4,0
DA:5,0
DA:6,0
DA:8,0
DA:12,3
LF:6
LH:2
BRF:0
BRH:0
end_of_record
TN:
SF:controllers\goalsController.js
FN:3,create
FN:13,progress
FNF:2
FNH:0
FNDA:0,create
FNDA:0,progress
DA:1,3
DA:4,0
DA:5,0
DA:6,0
DA:7,0
DA:9,0
DA:14,0
DA:15,0
DA:16,0
DA:18,0
DA:22,3
LF:11
LH:2
BRF:0
BRH:0
end_of_record
TN:
SF:controllers\quizController.js
FN:3,answerShortQuestion
FN:12,checkAnswerShortQuestion
FN:22,multipleChoice
FN:31,dueForReview
FNF:4
FNH:0
FNDA:0,answerShortQuestion
FNDA:0,checkAnswerShortQuestion
FNDA:0,multipleChoice
FNDA:0,dueForReview
DA:1,3
DA:4,0
DA:5,0
DA:6,0
DA:8,0
DA:13,0
DA:14,0
DA:15,0
DA:16,0
DA:18,0
DA:23,0
DA:24,0
DA:25,0
DA:27,0
DA:32,0
DA:33,0
DA:34,0
DA:36,0
DA:40,3
LF:19
LH:2
BRF:0
BRH:0
end_of_record
TN:
SF:controllers\savedWordsController.js
FN:3,create
FN:15,getAll
FN:24,remove
FNF:3
FNH:0
FNDA:0,create
FNDA:0,getAll
FNDA:0,remove
DA:1,3
DA:4,0
DA:5,0
DA:6,0
DA:9,0
DA:11,0
DA:16,0
DA:17,0
DA:18,0
DA:20,0
DA:25,0
DA:26,0
DA:27,0
DA:28,0
DA:30,0
DA:32,0
DA:36,3
LF:17
LH:2
BRDA:27,0,0,0
BRDA:27,0,1,0
BRF:2
BRH:0
end_of_record
TN:
SF:middleware\authenticateToken.js
FN:3,authenticateToken
FN:11,(anonymous_1)
FNF:2
FNH:2
FNDA:2,authenticateToken
FNDA:1,(anonymous_1)
DA:1,3
DA:4,2
DA:5,2
DA:7,2
DA:8,1
DA:11,1
DA:12,1
DA:13,1
DA:15,0
DA:16,0
DA:20,3
LF:11
LH:9
BRDA:5,0,0,2
BRDA:5,0,1,1
BRDA:7,1,0,1
BRDA:7,1,1,1
BRDA:12,2,0,1
BRDA:12,2,1,0
BRF:6
BRH:5
end_of_record
TN:
SF:middleware\authorizeRole.js
FN:1,authorizeRole
FN:2,(anonymous_1)
FNF:2
FNH:1
FNDA:3,authorizeRole
FNDA:0,(anonymous_1)
DA:2,3
DA:3,0
DA:4,0
DA:6,0
DA:10,3
LF:5
LH:2
BRDA:3,0,0,0
BRDA:3,0,1,0
BRDA:3,1,0,0
BRDA:3,1,1,0
BRF:4
BRH:0
end_of_record
TN:
SF:repositories\achievementsRepository.js
FN:4,insert
FN:14,findByCustomer
FN:21,existsByTitle
FNF:3
FNH:0
FNDA:0,insert
FNDA:0,findByCustomer
FNDA:0,existsByTitle
DA:1,3
DA:2,3
DA:5,0
DA:6,0
DA:15,0
DA:16,0
DA:22,0
DA:23,0
DA:29,3
LF:9
LH:3
BRF:0
BRH:0
end_of_record
TN:
SF:repositories\adminRepository.js
FN:3,findAllSavedWordsWithCustomers
FNF:1
FNH:0
FNDA:0,findAllSavedWordsWithCustomers
DA:1,3
DA:4,0
DA:5,0
DA:27,3
LF:4
LH:2
BRF:0
BRH:0
end_of_record
TN:
SF:repositories\customerRepository.js
FN:3,findByEmail
FN:8,insertCustomer
FN:13,findAll
FNF:3
FNH:2
FNDA:3,findByEmail
FNDA:2,insertCustomer
FNDA:0,findAll
DA:1,3
DA:4,3
DA:5,3
DA:9,2
DA:10,2
DA:14,0
DA:15,0
DA:18,3
LF:8
LH:6
BRF:0
BRH:0
end_of_record
TN:
SF:repositories\dictionaryRepository.js
FN:1,fetchDefinition
FNF:1
FNH:0
FNDA:0,fetchDefinition
DA:2,0
DA:4,0
DA:5,0
DA:8,0
DA:9,0
DA:12,3
LF:6
LH:1
BRDA:4,0,0,0
BRDA:4,0,1,0
BRF:2
BRH:0
end_of_record
TN:
SF:repositories\goalsRepository.js
FN:4,findByCustomer
FN:9,upsertGoal
FNF:2
FNH:0
FNDA:0,findByCustomer
FNDA:0,upsertGoal
DA:1,3
DA:2,3
DA:5,0
DA:6,0
DA:10,0
DA:11,0
DA:18,3
LF:7
LH:3
BRF:0
BRH:0
end_of_record
TN:
SF:repositories\savedWordsRepository.js
FN:4,insert
FN:13,findByCustomer
FN:20,findByWordAndCustomer
FN:28,deleteById
FN:36,updateRelatedWords
FN:44,findRandom
FN:57,findRandomMultiple
FN:67,findDueForReview
FN:78,updateReviewResult
FNF:9
FNH:0
FNDA:0,insert
FNDA:0,findByCustomer
FNDA:0,findByWordAndCustomer
FNDA:0,deleteById
FNDA:0,updateRelatedWords
FNDA:0,findRandom
FNDA:0,findRandomMultiple
FNDA:0,findDueForReview
FNDA:0,updateReviewResult
DA:1,3
DA:2,3
DA:5,0
DA:6,0
DA:14,0
DA:15,0
DA:21,0
DA:22,0
DA:29,0
DA:30,0
DA:37,0
DA:38,0
DA:45,0
DA:46,0
DA:47,0
DA:49,0
DA:50,0
DA:52,0
DA:53,0
DA:54,0
DA:58,0
DA:59,0
DA:68,0
DA:69,0
DA:79,0
DA:80,0
DA:82,0
DA:83,0
DA:85,0
DA:86,0
DA:88,0
DA:101,3
LF:32
LH:3
BRDA:44,0,0,0
BRDA:47,1,0,0
BRDA:47,1,1,0
BRDA:50,2,0,0
BRDA:50,2,1,0
BRDA:82,3,0,0
BRDA:82,3,1,0
BRDA:83,4,0,0
BRDA:83,4,1,0
BRF:9
BRH:0
end_of_record
TN:
SF:routes\achievementsRoutes.js
FNF:0
FNH:0
DA:1,3
DA:2,3
DA:3,3
DA:4,3
DA:18,3
DA:20,3
LF:6
LH:6
BRF:0
BRH:0
end_of_record
TN:
SF:routes\adminRoutes.js
FNF:0
FNH:0
DA:1,3
DA:2,3
DA:3,3
DA:4,3
DA:5,3
DA:21,3
DA:23,3
LF:7
LH:7
BRF:0
BRH:0
end_of_record
TN:
SF:routes\authRoutes.js
FNF:0
FNH:0
DA:1,3
DA:2,3
DA:3,3
DA:4,3
DA:31,3
DA:56,3
DA:72,3
DA:74,3
LF:8
LH:8
BRF:0
BRH:0
end_of_record
TN:
SF:routes\dictionaryRoutes.js
FNF:0
FNH:0
DA:1,3
DA:2,3
DA:3,3
DA:23,3
DA:25,3
LF:5
LH:5
BRF:0
BRH:0
end_of_record
TN:
SF:routes\goalsRoutes.js
FNF:0
FNH:0
DA:1,3
DA:2,3
DA:3,3
DA:4,3
DA:30,3
DA:46,3
DA:48,3
LF:7
LH:7
BRF:0
BRH:0
end_of_record
TN:
SF:routes\quizRoutes.js
FNF:0
FNH:0
DA:1,3
DA:2,3
DA:3,3
DA:4,3
DA:20,3
DA:45,3
DA:61,3
DA:75,3
DA:77,3
LF:9
LH:9
BRF:0
BRH:0
end_of_record
TN:
SF:routes\savedWordsRoutes.js
FNF:0
FNH:0
DA:1,3
DA:2,3
DA:3,3
DA:4,3
DA:37,3
DA:51,3
DA:73,3
DA:75,3
LF:8
LH:8
BRF:0
BRH:0
end_of_record
TN:
SF:services\achievementsService.js
FN:5,checkAndUnlock
FN:23,getAchievements
FNF:2
FNH:0
FNDA:0,checkAndUnlock
FNDA:0,getAchievements
DA:1,3
DA:3,3
DA:6,0
DA:7,0
DA:10,0
DA:12,0
DA:13,0
DA:14,0
DA:17,0
DA:18,0
DA:20,0
DA:24,0
DA:27,3
LF:13
LH:3
BRDA:6,0,0,0
BRDA:6,0,1,0
BRDA:13,1,0,0
BRDA:13,1,1,0
BRF:4
BRH:0
end_of_record
TN:
SF:services\adminService.js
FN:3,getAllSavedWordsWithCustomers
FNF:1
FNH:0
FNDA:0,getAllSavedWordsWithCustomers
DA:1,3
DA:4,0
DA:7,3
LF:3
LH:2
BRF:0
BRH:0
end_of_record
TN:
SF:services\authService.js
FN:6,loginCustomer
FN:26,registerCustomer
FN:44,getAllCustomers
FN:46,(anonymous_3)
FNF:4
FNH:1
FNDA:0,loginCustomer
FNDA:3,registerCustomer
FNDA:0,getAllCustomers
FNDA:0,(anonymous_3)
DA:1,3
DA:2,3
DA:4,3
DA:7,0
DA:8,0
DA:9,0
DA:12,0
DA:13,0
DA:14,0
DA:17,0
DA:23,0
DA:27,3
DA:28,3
DA:29,1
DA:32,2
DA:34,2
DA:41,2
DA:45,0
DA:46,0
DA:49,3
LF:20
LH:10
BRDA:8,0,0,0
BRDA:8,0,1,0
BRDA:13,1,0,0
BRDA:13,1,1,0
BRDA:28,2,0,1
BRDA:28,2,1,2
BRF:6
BRH:2
end_of_record
TN:
SF:services\dictionaryService.js
FN:3,getWordDefinition
FNF:1
FNH:0
FNDA:0,getWordDefinition
DA:1,3
DA:4,0
DA:6,0
DA:7,0
DA:10,0
DA:11,0
DA:12,0
DA:14,0
DA:23,3
LF:9
LH:2
BRDA:6,0,0,0
BRDA:6,0,1,0
BRDA:6,1,0,0
BRDA:6,1,1,0
BRDA:6,1,2,0
BRDA:12,2,0,0
BRDA:12,2,1,0
BRDA:16,3,0,0
BRDA:16,3,1,0
BRDA:19,4,0,0
BRDA:19,4,1,0
BRDA:19,4,2,0
BRF:12
BRH:0
end_of_record
TN:
SF:services\goalsService.js
FN:4,setGoal
FN:8,getProgress
FNF:2
FNH:0
FNDA:0,setGoal
FNDA:0,getProgress
DA:1,3
DA:2,3
DA:5,0
DA:9,0
DA:10,0
DA:11,0
DA:14,0
DA:15,0
DA:17,0
DA:18,0
DA:20,0
DA:28,3
LF:12
LH:3
BRDA:10,0,0,0
BRDA:10,0,1,0
BRF:2
BRH:0
end_of_record
TN:
SF:services\quizService.js
FN:3,getAnswerShortQuestion
FN:16,checkAnswer
FN:20,submitAnswer
FN:33,getMultipleChoice
FN:40,(anonymous_4)
FN:40,(anonymous_5)
FN:49,getDueForReview
FNF:7
FNH:0
FNDA:0,getAnswerShortQuestion
FNDA:0,checkAnswer
FNDA:0,submitAnswer
FNDA:0,getMultipleChoice
FNDA:0,(anonymous_4)
FNDA:0,(anonymous_5)
FNDA:0,getDueForReview
DA:1,3
DA:4,0
DA:5,0
DA:6,0
DA:9,0
DA:17,0
DA:21,0
DA:22,0
DA:24,0
DA:25,0
DA:27,0
DA:28,0
DA:30,0
DA:34,0
DA:35,0
DA:36,0
DA:39,0
DA:40,0
DA:42,0
DA:50,0
DA:53,3
LF:21
LH:2
BRDA:5,0,0,0
BRDA:5,0,1,0
BRDA:25,1,0,0
BRDA:25,1,1,0
BRDA:35,2,0,0
BRDA:35,2,1,0
BRF:6
BRH:0
end_of_record
TN:
SF:services\savedWordsService.js
FN:5,saveWord
FN:27,getSavedWords
FN:31,deleteWord
FNF:3
FNH:0
FNDA:0,saveWord
FNDA:0,getSavedWords
FNDA:0,deleteWord
DA:1,3
DA:2,3
DA:3,3
DA:6,0
DA:7,0
DA:8,0
DA:11,0
DA:14,0
DA:15,0
DA:19,0
DA:21,0
DA:22,0
DA:24,0
DA:28,0
DA:32,0
DA:33,0
DA:36,3
LF:17
LH:4
BRDA:7,0,0,0
BRDA:7,0,1,0
BRF:2
BRH:0
end_of_record
